<?xml version="1.0" encoding="UTF-8"?>
<testsuite name="myapp.AppTest" tests="1" skipped="0" failures="0" errors="0" timestamp="2023-10-14T18:02:36" hostname="SUZANPEAQ" time="0.07">
  <properties/>
  <testcase name="appHasAGreeting()" classname="myapp.AppTest" time="0.07"/>
  <system-out><![CDATA[]]></system-out>
  <system-err><![CDATA[]]></system-err>
</testsuite>
